2023-08-30T13:28:56.743Z - [INFO] - ad.dra: si è evoluto in UtenteSaldoAttivo 
                                    Le operazioni permesse sono: 1) Consultare chi siamo 2) Effettuare bonifici/ricariche telefoniche 3) Richiedere prestito 4) Info account 5) Consultare i movimenti 6) Log out
2023-08-30T13:36:40.114Z - [INFO] - ad.dra: si è evoluto in UtenteSaldoPassivo 
                                    Le operazioni permesse sono: 1) Consultare chi siamo 2) Richiedere prestito 3) Info account 4) Consultare i movimenti 5) Log out
2023-08-30T13:37:11.131Z - [INFO] - ad.dra: si è evoluto in UtenteSaldoAttivo 
                                    Le operazioni permesse sono: 1) Consultare chi siamo 2) Effettuare bonifici/ricariche telefoniche 3) Richiedere prestito 4) Info account 5) Consultare i movimenti 6) Log out
2023-08-30T13:37:47.921Z - [INFO] - ad.dra: si è evoluto in UtenteSaldoAttivo 
                                    Le operazioni permesse sono: 1) Consultare chi siamo 2) Effettuare bonifici/ricariche telefoniche 3) Richiedere prestito 4) Info account 5) Consultare i movimenti 6) Log out
2023-08-30T13:58:49.751Z - [INFO] - admin.admin: si è evoluto in Admin 
                                    Le operazioni permesse sono: 1) Consultare la lista dei utenti registrati 2) Crea/Cancellare conti correnti 3) Cancellare account utenti 4) Info account 5) Log out
2023-08-30T13:59:26.954Z - [INFO] - ad.dra: si è evoluto in UtenteSaldoAttivo 
                                    Le operazioni permesse sono: 1) Consultare chi siamo 2) Effettuare bonifici/ricariche telefoniche 3) Richiedere prestito 4) Info account 5) Consultare i movimenti 6) Log out
2023-08-30T14:57:35.447Z - [INFO] - ad.dra: si è evoluto in UtenteSaldoAttivo 
                                    Le operazioni permesse sono: 1) Consultare chi siamo 2) Effettuare bonifici/ricariche telefoniche 3) Richiedere prestito 4) Info account 5) Consultare i movimenti 6) Log out
2023-08-30T16:24:37.740Z - [INFO] - th.pertic: si è evoluto in UtenteSaldoAttivo 
                                    Le operazioni permesse sono: 1) Consultare chi siamo 2) Effettuare bonifici/ricariche telefoniche 3) Richiedere prestito 4) Info account 5) Consultare i movimenti 6) Log out
2023-08-30T16:25:01.553Z - [INFO] - ad.dra: si è evoluto in UtenteSaldoAttivo 
                                    Le operazioni permesse sono: 1) Consultare chi siamo 2) Effettuare bonifici/ricariche telefoniche 3) Richiedere prestito 4) Info account 5) Consultare i movimenti 6) Log out
2023-08-30T16:25:48.073Z - [INFO] - ad.dra: si è evoluto in UtenteSaldoPassivo 
                                    Le operazioni permesse sono: 1) Consultare chi siamo 2) Richiedere prestito 3) Info account 4) Consultare i movimenti 5) Log out
2023-08-30T18:20:37.008Z - [INFO] - ad.dra: si è evoluto in UtenteSaldoPassivo 
                                    Le operazioni permesse sono: 1) Consultare chi siamo 2) Richiedere prestito 3) Info account 4) Consultare i movimenti 5) Log out
